<?xml version="1.0" encoding="UTF-8"?>
<!-- Generated by org.testng.reporters.JUnitXMLReporter -->
<testsuite ignored="0" hostname="INLN34364442A" failures="3" tests="3" name="Glass Lewis" time="84.9" errors="0" timestamp="2021-02-22T12:09:33 IST">
  <testcase classname="tests.VerifyCompanyVoteCardTest" name="verifyCompanyVoteCardTest" time="23.008">
    <failure type="java.lang.AssertionError" message="Click on Items per page arrow icon failed">
      <![CDATA[java.lang.AssertionError: Click on Items per page arrow icon failed
at utils.GenericUtils.click(GenericUtils.java:109)
at pages.VerifyCompanyVoteCardPage.clickItemsPerPageArrow(VerifyCompanyVoteCardPage.java:59)
at tests.VerifyCompanyVoteCardTest.verifyCompanyVoteCardTest(VerifyCompanyVoteCardTest.java:32)
at java.base/java.util.concurrent.ThreadPoolExecutor.runWorker(ThreadPoolExecutor.java:1128)
at java.base/java.util.concurrent.ThreadPoolExecutor$Worker.run(ThreadPoolExecutor.java:628)
at java.base/java.lang.Thread.run(Thread.java:834)
... Removed 13 stack frames]]>
    </failure>
  </testcase> <!-- verifyCompanyVoteCardTest -->
  <testcase classname="tests.VerifyCompanyVoteCardTest" name="verifyCompanyVoteCardTest" time="18.547">
    <failure type="java.lang.AssertionError" message="Click on Items per page arrow icon failed">
      <![CDATA[java.lang.AssertionError: Click on Items per page arrow icon failed
at utils.GenericUtils.click(GenericUtils.java:109)
at pages.VerifyCompanyVoteCardPage.clickItemsPerPageArrow(VerifyCompanyVoteCardPage.java:59)
at tests.VerifyCompanyVoteCardTest.verifyCompanyVoteCardTest(VerifyCompanyVoteCardTest.java:32)
at java.base/java.util.concurrent.ThreadPoolExecutor.runWorker(ThreadPoolExecutor.java:1128)
at java.base/java.util.concurrent.ThreadPoolExecutor$Worker.run(ThreadPoolExecutor.java:628)
at java.base/java.lang.Thread.run(Thread.java:834)
... Removed 13 stack frames]]>
    </failure>
  </testcase> <!-- verifyCompanyVoteCardTest -->
  <testcase classname="tests.VerifyCompanyVoteCardTest" name="verifyCompanyVoteCardTest" time="35.934">
    <failure type="java.lang.AssertionError" message="Company Name Activision does not exist">
      <![CDATA[java.lang.AssertionError: Company Name Activision does not exist
at utils.GenericUtils.checkFieldExist(GenericUtils.java:181)
at pages.VerifyCompanyVoteCardPage.checkCompanyNameBanner(VerifyCompanyVoteCardPage.java:81)
at tests.VerifyCompanyVoteCardTest.verifyCompanyVoteCardTest(VerifyCompanyVoteCardTest.java:38)
at java.base/java.util.concurrent.ThreadPoolExecutor.runWorker(ThreadPoolExecutor.java:1128)
at java.base/java.util.concurrent.ThreadPoolExecutor$Worker.run(ThreadPoolExecutor.java:628)
at java.base/java.lang.Thread.run(Thread.java:834)
... Removed 13 stack frames]]>
    </failure>
  </testcase> <!-- verifyCompanyVoteCardTest -->
</testsuite> <!-- Glass Lewis -->
