<?xml version="1.0" encoding="UTF-8"?>
<testng-results ignored="2" total="8" passed="5" failed="1" skipped="0">
  <reporter-output>
  </reporter-output>
  <suite started-at="2021-02-22T19:53:14 IST" name="Glass Lewis" finished-at="2021-02-22T19:54:56 IST" duration-ms="101909">
    <groups>
    </groups>
    <test started-at="2021-02-22T19:53:14 IST" name="Glass Lewis" finished-at="2021-02-22T19:54:56 IST" duration-ms="101909">
      <class name="tests.VerifyCompanyVoteCardTest">
        <test-method is-config="true" signature="beforeSuite()[pri:0, instance:tests.VerifyCompanyVoteCardTest@2e222612]" started-at="2021-02-22T19:53:14 IST" name="beforeSuite" finished-at="2021-02-22T19:53:14 IST" duration-ms="14" status="PASS">
          <reporter-output>
          </reporter-output>
        </test-method> <!-- beforeSuite -->
        <test-method is-config="true" signature="beforeMethod()[pri:0, instance:tests.VerifyCompanyVoteCardTest@2e222612]" started-at="2021-02-22T19:53:15 IST" name="beforeMethod" finished-at="2021-02-22T19:53:15 IST" duration-ms="0" status="PASS">
          <reporter-output>
          </reporter-output>
        </test-method> <!-- beforeMethod -->
        <test-method signature="verifyCompanyVoteCardTest(java.lang.String)[pri:0, instance:tests.VerifyCompanyVoteCardTest@2e222612]" started-at="2021-02-22T19:53:15 IST" name="verifyCompanyVoteCardTest" data-provider="data" finished-at="2021-02-22T19:53:51 IST" duration-ms="36036" status="PASS">
          <params>
            <param index="0">
              <value>
                <![CDATA[chrome]]>
              </value>
            </param>
          </params>
          <reporter-output>
          </reporter-output>
        </test-method> <!-- verifyCompanyVoteCardTest -->
        <test-method is-config="true" signature="afterMethod()[pri:0, instance:tests.VerifyCompanyVoteCardTest@2e222612]" started-at="2021-02-22T19:53:51 IST" name="afterMethod" finished-at="2021-02-22T19:53:52 IST" duration-ms="1023" status="PASS">
          <reporter-output>
          </reporter-output>
        </test-method> <!-- afterMethod -->
        <test-method is-config="true" signature="beforeMethod()[pri:0, instance:tests.VerifyCompanyVoteCardTest@2e222612]" started-at="2021-02-22T19:53:52 IST" name="beforeMethod" finished-at="2021-02-22T19:53:52 IST" duration-ms="0" status="PASS">
          <reporter-output>
          </reporter-output>
        </test-method> <!-- beforeMethod -->
        <test-method signature="verifyCompanyVoteCardTest(java.lang.String)[pri:0, instance:tests.VerifyCompanyVoteCardTest@2e222612]" started-at="2021-02-22T19:53:52 IST" name="verifyCompanyVoteCardTest" data-provider="data" finished-at="2021-02-22T19:54:20 IST" duration-ms="27246" status="FAIL">
          <params>
            <param index="0">
              <value>
                <![CDATA[firefox]]>
              </value>
            </param>
          </params>
          <exception class="java.lang.AssertionError">
            <message>
              <![CDATA[Click on Go to next page failed]]>
            </message>
            <full-stacktrace>
              <![CDATA[java.lang.AssertionError: Click on Go to next page failed
at org.testng.Assert.fail(Assert.java:99)
at utils.GenericUtils.actionsClick(GenericUtils.java:82)
at pages.VerifyCompanyVoteCardPage.checkCompanyNameActivision(VerifyCompanyVoteCardPage.java:72)
at tests.VerifyCompanyVoteCardTest.verifyCompanyVoteCardTest(VerifyCompanyVoteCardTest.java:36)
at java.base/jdk.internal.reflect.NativeMethodAccessorImpl.invoke0(Native Method)
at java.base/jdk.internal.reflect.NativeMethodAccessorImpl.invoke(NativeMethodAccessorImpl.java:62)
at java.base/jdk.internal.reflect.DelegatingMethodAccessorImpl.invoke(DelegatingMethodAccessorImpl.java:43)
at java.base/java.lang.reflect.Method.invoke(Method.java:566)
at org.testng.internal.MethodInvocationHelper.invokeMethod(MethodInvocationHelper.java:132)
at org.testng.internal.TestInvoker.invokeMethod(TestInvoker.java:599)
at org.testng.internal.TestInvoker.invokeTestMethod(TestInvoker.java:174)
at org.testng.internal.MethodRunner.runInSequence(MethodRunner.java:46)
at org.testng.internal.TestInvoker$MethodInvocationAgent.invoke(TestInvoker.java:822)
at org.testng.internal.TestInvoker.invokeTestMethods(TestInvoker.java:147)
at org.testng.internal.TestMethodWorker.invokeTestMethods(TestMethodWorker.java:146)
at org.testng.internal.TestMethodWorker.run(TestMethodWorker.java:128)
at java.base/java.util.concurrent.ThreadPoolExecutor.runWorker(ThreadPoolExecutor.java:1128)
at java.base/java.util.concurrent.ThreadPoolExecutor$Worker.run(ThreadPoolExecutor.java:628)
at java.base/java.lang.Thread.run(Thread.java:834)
]]>
            </full-stacktrace>
          </exception> <!-- java.lang.AssertionError -->
          <reporter-output>
          </reporter-output>
        </test-method> <!-- verifyCompanyVoteCardTest -->
        <test-method is-config="true" signature="afterMethod()[pri:0, instance:tests.VerifyCompanyVoteCardTest@2e222612]" started-at="2021-02-22T19:54:20 IST" name="afterMethod" finished-at="2021-02-22T19:54:22 IST" duration-ms="2428" status="PASS">
          <reporter-output>
          </reporter-output>
        </test-method> <!-- afterMethod -->
        <test-method is-config="true" signature="beforeMethod()[pri:0, instance:tests.VerifyCompanyVoteCardTest@2e222612]" started-at="2021-02-22T19:54:22 IST" name="beforeMethod" finished-at="2021-02-22T19:54:22 IST" duration-ms="1" status="PASS">
          <reporter-output>
          </reporter-output>
        </test-method> <!-- beforeMethod -->
        <test-method signature="verifyCompanyVoteCardTest(java.lang.String)[pri:0, instance:tests.VerifyCompanyVoteCardTest@2e222612]" started-at="2021-02-22T19:54:22 IST" name="verifyCompanyVoteCardTest" data-provider="data" finished-at="2021-02-22T19:54:52 IST" duration-ms="29457" status="PASS">
          <params>
            <param index="0">
              <value>
                <![CDATA[chrome-headless]]>
              </value>
            </param>
          </params>
          <reporter-output>
          </reporter-output>
        </test-method> <!-- verifyCompanyVoteCardTest -->
        <test-method is-config="true" signature="afterMethod()[pri:0, instance:tests.VerifyCompanyVoteCardTest@2e222612]" started-at="2021-02-22T19:54:52 IST" name="afterMethod" finished-at="2021-02-22T19:54:53 IST" duration-ms="709" status="PASS">
          <reporter-output>
          </reporter-output>
        </test-method> <!-- afterMethod -->
        <test-method is-config="true" signature="afterSuite()[pri:0, instance:tests.VerifyCompanyVoteCardTest@2e222612]" started-at="2021-02-22T19:54:56 IST" name="afterSuite" finished-at="2021-02-22T19:54:56 IST" duration-ms="0" status="PASS">
          <reporter-output>
          </reporter-output>
        </test-method> <!-- afterSuite -->
      </class> <!-- tests.VerifyCompanyVoteCardTest -->
      <class name="tests.VerifyCountryFilterTest">
        <test-method is-config="true" signature="beforeMethod()[pri:0, instance:tests.VerifyCountryFilterTest@61386958]" started-at="2021-02-22T19:53:15 IST" name="beforeMethod" finished-at="2021-02-22T19:53:15 IST" duration-ms="1" status="PASS">
          <reporter-output>
          </reporter-output>
        </test-method> <!-- beforeMethod -->
        <test-method signature="verifyCountryFilterTest(java.lang.String, java.lang.String)[pri:0, instance:tests.VerifyCountryFilterTest@61386958]" started-at="2021-02-22T19:53:15 IST" name="verifyCountryFilterTest" data-provider="data" finished-at="2021-02-22T19:53:49 IST" duration-ms="33955" status="PASS">
          <params>
            <param index="0">
              <value>
                <![CDATA[chrome]]>
              </value>
            </param>
            <param index="1">
              <value>
                <![CDATA[Belgium]]>
              </value>
            </param>
          </params>
          <reporter-output>
          </reporter-output>
        </test-method> <!-- verifyCountryFilterTest -->
        <test-method is-config="true" signature="afterMethod()[pri:0, instance:tests.VerifyCountryFilterTest@61386958]" started-at="2021-02-22T19:53:49 IST" name="afterMethod" finished-at="2021-02-22T19:53:51 IST" duration-ms="1197" status="PASS">
          <reporter-output>
          </reporter-output>
        </test-method> <!-- afterMethod -->
        <test-method signature="verifyCountryFilterTest(java.lang.String, java.lang.String)[pri:0, instance:tests.VerifyCountryFilterTest@61386958]" started-at="2021-02-22T19:53:51 IST" name="verifyCountryFilterTest" data-provider="data" finished-at="2021-02-22T19:54:25 IST" duration-ms="34562" status="PASS">
          <params>
            <param index="0">
              <value>
                <![CDATA[firefox]]>
              </value>
            </param>
            <param index="1">
              <value>
                <![CDATA[Germany]]>
              </value>
            </param>
          </params>
          <reporter-output>
          </reporter-output>
        </test-method> <!-- verifyCountryFilterTest -->
        <test-method is-config="true" signature="beforeMethod()[pri:0, instance:tests.VerifyCountryFilterTest@61386958]" started-at="2021-02-22T19:53:51 IST" name="beforeMethod" finished-at="2021-02-22T19:53:51 IST" duration-ms="0" status="PASS">
          <reporter-output>
          </reporter-output>
        </test-method> <!-- beforeMethod -->
        <test-method is-config="true" signature="afterMethod()[pri:0, instance:tests.VerifyCountryFilterTest@61386958]" started-at="2021-02-22T19:54:26 IST" name="afterMethod" finished-at="2021-02-22T19:54:27 IST" duration-ms="1844" status="PASS">
          <reporter-output>
          </reporter-output>
        </test-method> <!-- afterMethod -->
        <test-method is-config="true" signature="beforeMethod()[pri:0, instance:tests.VerifyCountryFilterTest@61386958]" started-at="2021-02-22T19:54:27 IST" name="beforeMethod" finished-at="2021-02-22T19:54:27 IST" duration-ms="0" status="PASS">
          <reporter-output>
          </reporter-output>
        </test-method> <!-- beforeMethod -->
        <test-method signature="verifyCountryFilterTest(java.lang.String, java.lang.String)[pri:0, instance:tests.VerifyCountryFilterTest@61386958]" started-at="2021-02-22T19:54:27 IST" name="verifyCountryFilterTest" data-provider="data" finished-at="2021-02-22T19:54:55 IST" duration-ms="27262" status="PASS">
          <params>
            <param index="0">
              <value>
                <![CDATA[chrome-headless]]>
              </value>
            </param>
            <param index="1">
              <value>
                <![CDATA[Belgium]]>
              </value>
            </param>
          </params>
          <reporter-output>
          </reporter-output>
        </test-method> <!-- verifyCountryFilterTest -->
        <test-method is-config="true" signature="afterMethod()[pri:0, instance:tests.VerifyCountryFilterTest@61386958]" started-at="2021-02-22T19:54:55 IST" name="afterMethod" finished-at="2021-02-22T19:54:56 IST" duration-ms="730" status="PASS">
          <reporter-output>
          </reporter-output>
        </test-method> <!-- afterMethod -->
      </class> <!-- tests.VerifyCountryFilterTest -->
    </test> <!-- Glass Lewis -->
  </suite> <!-- Glass Lewis -->
</testng-results>
